<?xml version="1.0" encoding="UTF-8"?>
<!-- Generated by org.testng.reporters.JUnitReportReporter -->
<testsuite hostname="DESKTOP-QV9LEON" failures="0" tests="1" name="seleniumDemo.Demo" time="0.025" errors="0" timestamp="2025-03-28T15:17:11 IST" skipped="0">
  <testcase classname="seleniumDemo.Demo" name="method" time="0.025"/>
</testsuite> <!-- seleniumDemo.Demo -->
