<?xml version="1.0" encoding="UTF-8"?>
<!-- Generated by org.testng.reporters.JUnitReportReporter -->
<testsuite hostname="DESKTOP-QV9LEON" failures="0" tests="1" name="seleniumDemo.Demo1" time="0.016" errors="0" timestamp="2025-03-29T16:01:03 IST" skipped="0">
  <testcase classname="seleniumDemo.Demo1" name="m1" time="0.016"/>
</testsuite> <!-- seleniumDemo.Demo1 -->
